<?xml version="1.0" encoding="UTF-8"?>
<!-- Generated by org.testng.reporters.JUnitXMLReporter -->
<testsuite ignored="0" hostname="DESKTOP-UGN3K1F" failures="0" tests="7" name="Test" time="0.073" errors="0" timestamp="2024-01-16T23:09:55 QYZT">
  <testcase classname="Framework.Testntass8.classpriority1" name="test4" time="0.01"/>
  <testcase classname="Framework.Testntass8.classpriority1" name="test1" time="0.001"/>
  <testcase classname="Framework.Testntass8.classpriority1" name="test2" time="0.002"/>
  <testcase classname="Framework.Testntass8.classpriority1" name="test3" time="0.001"/>
  <testcase classname="Framework.Testntass8.classpriority2" name="test3" time="0.001"/>
  <testcase classname="Framework.Testntass8.classpriority2" name="test2" time="0.002"/>
  <testcase classname="Framework.Testntass8.classpriority2" name="test1" time="0.001"/>
</testsuite> <!-- Test -->
