<?xml version="1.0" encoding="UTF-8"?>
<testng-results ignored="0" total="8" passed="7" failed="1" skipped="0">
  <reporter-output>
  </reporter-output>
  <suite started-at="2024-01-30T18:14:34 QYZT" name="Default suite" finished-at="2024-01-30T18:16:27 QYZT" duration-ms="112969">
    <groups>
    </groups>
    <test started-at="2024-01-30T18:14:34 QYZT" name="Default test" finished-at="2024-01-30T18:16:27 QYZT" duration-ms="112969">
      <class name="Framework.Testntass8.classloginwithreport">
        <test-method signature="login()[pri:1, instance:Framework.Testntass8.classloginwithreport@483f6d77]" started-at="2024-01-30T18:14:34 QYZT" name="login" finished-at="2024-01-30T18:14:41 QYZT" duration-ms="6872" status="PASS">
          <reporter-output>
          </reporter-output>
        </test-method> <!-- login -->
        <test-method signature="loginwithemptycred()[pri:2, instance:Framework.Testntass8.classloginwithreport@483f6d77]" started-at="2024-01-30T18:14:41 QYZT" name="loginwithemptycred" finished-at="2024-01-30T18:14:57 QYZT" duration-ms="15583" status="PASS">
          <reporter-output>
          </reporter-output>
        </test-method> <!-- loginwithemptycred -->
        <test-method signature="loginwithemptyemail()[pri:3, instance:Framework.Testntass8.classloginwithreport@483f6d77]" started-at="2024-01-30T18:14:57 QYZT" name="loginwithemptyemail" finished-at="2024-01-30T18:15:12 QYZT" duration-ms="15442" status="PASS">
          <reporter-output>
          </reporter-output>
        </test-method> <!-- loginwithemptyemail -->
        <test-method signature="loginwithemptypassword()[pri:4, instance:Framework.Testntass8.classloginwithreport@483f6d77]" started-at="2024-01-30T18:15:12 QYZT" name="loginwithemptypassword" finished-at="2024-01-30T18:15:28 QYZT" duration-ms="15593" status="PASS">
          <reporter-output>
          </reporter-output>
        </test-method> <!-- loginwithemptypassword -->
        <test-method signature="loginwithwrongcred()[pri:5, instance:Framework.Testntass8.classloginwithreport@483f6d77]" started-at="2024-01-30T18:15:28 QYZT" name="loginwithwrongcred" finished-at="2024-01-30T18:15:43 QYZT" duration-ms="15658" status="PASS">
          <reporter-output>
          </reporter-output>
        </test-method> <!-- loginwithwrongcred -->
        <test-method signature="loginwithwrongemail()[pri:6, instance:Framework.Testntass8.classloginwithreport@483f6d77]" started-at="2024-01-30T18:15:43 QYZT" name="loginwithwrongemail" finished-at="2024-01-30T18:15:59 QYZT" duration-ms="15696" status="PASS">
          <reporter-output>
          </reporter-output>
        </test-method> <!-- loginwithwrongemail -->
        <test-method signature="loginwithwrongpassword()[pri:7, instance:Framework.Testntass8.classloginwithreport@483f6d77]" started-at="2024-01-30T18:15:59 QYZT" name="loginwithwrongpassword" finished-at="2024-01-30T18:16:15 QYZT" duration-ms="15599" status="PASS">
          <reporter-output>
          </reporter-output>
        </test-method> <!-- loginwithwrongpassword -->
        <test-method signature="loginwithvalidcred()[pri:8, instance:Framework.Testntass8.classloginwithreport@483f6d77]" started-at="2024-01-30T18:16:15 QYZT" name="loginwithvalidcred" finished-at="2024-01-30T18:16:27 QYZT" duration-ms="12471" status="FAIL">
          <exception class="org.openqa.selenium.NoSuchElementException">
            <message>
              <![CDATA[no such element: Unable to locate element: {"method":"css selector","selector":".app_logo"}
  (Session info: chrome=120.0.6099.225)
For documentation on this error, please visit: https://www.selenium.dev/documentation/webdriver/troubleshooting/errors#no-such-element-exception
Build info: version: '4.16.1', revision: '9b4c83354e'
System info: os.name: 'Windows 11', os.arch: 'amd64', os.version: '10.0', java.version: '17.0.9'
Driver info: org.openqa.selenium.chrome.ChromeDriver
Command: [f6c2ebdc7108f4d0411928dd87b71c7f, findElement {using=css selector, value=.app_logo}]
Capabilities {acceptInsecureCerts: false, browserName: chrome, browserVersion: 120.0.6099.225, chrome: {chromedriverVersion: 120.0.6099.109 (3419140ab66..., userDataDir: C:\Users\USER\AppData\Local...}, fedcm:accounts: true, goog:chromeOptions: {debuggerAddress: localhost:55670}, networkConnectionEnabled: false, pageLoadStrategy: normal, platformName: windows, proxy: Proxy(), se:cdp: ws://localhost:55670/devtoo..., se:cdpVersion: 120.0.6099.225, setWindowRect: true, strictFileInteractability: false, timeouts: {implicit: 0, pageLoad: 300000, script: 30000}, unhandledPromptBehavior: dismiss and notify, webauthn:extension:credBlob: true, webauthn:extension:largeBlob: true, webauthn:extension:minPinLength: true, webauthn:extension:prf: true, webauthn:virtualAuthenticators: true}
Session ID: f6c2ebdc7108f4d0411928dd87b71c7f]]>
            </message>
            <full-stacktrace>
              <![CDATA[org.openqa.selenium.NoSuchElementException: no such element: Unable to locate element: {"method":"css selector","selector":".app_logo"}
  (Session info: chrome=120.0.6099.225)
For documentation on this error, please visit: https://www.selenium.dev/documentation/webdriver/troubleshooting/errors#no-such-element-exception
Build info: version: '4.16.1', revision: '9b4c83354e'
System info: os.name: 'Windows 11', os.arch: 'amd64', os.version: '10.0', java.version: '17.0.9'
Driver info: org.openqa.selenium.chrome.ChromeDriver
Command: [f6c2ebdc7108f4d0411928dd87b71c7f, findElement {using=css selector, value=.app_logo}]
Capabilities {acceptInsecureCerts: false, browserName: chrome, browserVersion: 120.0.6099.225, chrome: {chromedriverVersion: 120.0.6099.109 (3419140ab66..., userDataDir: C:\Users\USER\AppData\Local...}, fedcm:accounts: true, goog:chromeOptions: {debuggerAddress: localhost:55670}, networkConnectionEnabled: false, pageLoadStrategy: normal, platformName: windows, proxy: Proxy(), se:cdp: ws://localhost:55670/devtoo..., se:cdpVersion: 120.0.6099.225, setWindowRect: true, strictFileInteractability: false, timeouts: {implicit: 0, pageLoad: 300000, script: 30000}, unhandledPromptBehavior: dismiss and notify, webauthn:extension:credBlob: true, webauthn:extension:largeBlob: true, webauthn:extension:minPinLength: true, webauthn:extension:prf: true, webauthn:virtualAuthenticators: true}
Session ID: f6c2ebdc7108f4d0411928dd87b71c7f
at java.base/jdk.internal.reflect.NativeConstructorAccessorImpl.newInstance0(Native Method)
at java.base/jdk.internal.reflect.NativeConstructorAccessorImpl.newInstance(NativeConstructorAccessorImpl.java:77)
at java.base/jdk.internal.reflect.DelegatingConstructorAccessorImpl.newInstance(DelegatingConstructorAccessorImpl.java:45)
at java.base/java.lang.reflect.Constructor.newInstanceWithCaller(Constructor.java:499)
at java.base/java.lang.reflect.Constructor.newInstance(Constructor.java:480)
at org.openqa.selenium.remote.codec.w3c.W3CHttpResponseCodec.createException(W3CHttpResponseCodec.java:200)
at org.openqa.selenium.remote.codec.w3c.W3CHttpResponseCodec.decode(W3CHttpResponseCodec.java:133)
at org.openqa.selenium.remote.codec.w3c.W3CHttpResponseCodec.decode(W3CHttpResponseCodec.java:52)
at org.openqa.selenium.remote.HttpCommandExecutor.execute(HttpCommandExecutor.java:191)
at org.openqa.selenium.remote.service.DriverCommandExecutor.invokeExecute(DriverCommandExecutor.java:200)
at org.openqa.selenium.remote.service.DriverCommandExecutor.execute(DriverCommandExecutor.java:175)
at org.openqa.selenium.remote.RemoteWebDriver.execute(RemoteWebDriver.java:523)
at org.openqa.selenium.remote.ElementLocation$ElementFinder$2.findElement(ElementLocation.java:165)
at org.openqa.selenium.remote.ElementLocation.findElement(ElementLocation.java:59)
at org.openqa.selenium.remote.RemoteWebDriver.findElement(RemoteWebDriver.java:360)
at org.openqa.selenium.remote.RemoteWebDriver.findElement(RemoteWebDriver.java:354)
at Framework.Testntass8.classloginwithreport.loginwithvalidcred(classloginwithreport.java:171)
at java.base/jdk.internal.reflect.NativeMethodAccessorImpl.invoke0(Native Method)
at java.base/jdk.internal.reflect.NativeMethodAccessorImpl.invoke(NativeMethodAccessorImpl.java:77)
at java.base/jdk.internal.reflect.DelegatingMethodAccessorImpl.invoke(DelegatingMethodAccessorImpl.java:43)
at java.base/java.lang.reflect.Method.invoke(Method.java:568)
at org.testng.internal.MethodInvocationHelper.invokeMethod(MethodInvocationHelper.java:133)
at org.testng.internal.TestInvoker.invokeMethod(TestInvoker.java:598)
at org.testng.internal.TestInvoker.invokeTestMethod(TestInvoker.java:173)
at org.testng.internal.MethodRunner.runInSequence(MethodRunner.java:46)
at org.testng.internal.TestInvoker$MethodInvocationAgent.invoke(TestInvoker.java:824)
at org.testng.internal.TestInvoker.invokeTestMethods(TestInvoker.java:146)
at org.testng.internal.TestMethodWorker.invokeTestMethods(TestMethodWorker.java:146)
at org.testng.internal.TestMethodWorker.run(TestMethodWorker.java:128)
at java.base/java.util.ArrayList.forEach(ArrayList.java:1511)
at org.testng.TestRunner.privateRun(TestRunner.java:794)
at org.testng.TestRunner.run(TestRunner.java:596)
at org.testng.SuiteRunner.runTest(SuiteRunner.java:377)
at org.testng.SuiteRunner.runSequentially(SuiteRunner.java:371)
at org.testng.SuiteRunner.privateRun(SuiteRunner.java:332)
at org.testng.SuiteRunner.run(SuiteRunner.java:276)
at org.testng.SuiteRunnerWorker.runSuite(SuiteRunnerWorker.java:53)
at org.testng.SuiteRunnerWorker.run(SuiteRunnerWorker.java:96)
at org.testng.TestNG.runSuitesSequentially(TestNG.java:1212)
at org.testng.TestNG.runSuitesLocally(TestNG.java:1134)
at org.testng.TestNG.runSuites(TestNG.java:1063)
at org.testng.TestNG.run(TestNG.java:1031)
at org.testng.remote.AbstractRemoteTestNG.run(AbstractRemoteTestNG.java:115)
at org.testng.remote.RemoteTestNG.initAndRun(RemoteTestNG.java:251)
at org.testng.remote.RemoteTestNG.main(RemoteTestNG.java:77)
]]>
            </full-stacktrace>
          </exception> <!-- org.openqa.selenium.NoSuchElementException -->
          <reporter-output>
          </reporter-output>
        </test-method> <!-- loginwithvalidcred -->
      </class> <!-- Framework.Testntass8.classloginwithreport -->
    </test> <!-- Default test -->
  </suite> <!-- Default suite -->
</testng-results>
